<?xml version="1.0" encoding="UTF-8"?>
<!-- Generated by org.testng.reporters.JUnitReportReporter -->
<testsuite hostname="LAPTOP-5NBSJVQB" name="org.test.SampleTng" tests="2" failures="0" timestamp="5 Oct 2021 12:48:42 GMT" time="0.012" errors="0">
  <testcase name="test" time="0.000" classname="org.test.SampleTng"/>
  <testcase name="test1" time="0.012" classname="org.test.SampleTng"/>
</testsuite> <!-- org.test.SampleTng -->
