<?xml version="1.0" encoding="UTF-8"?>
<!-- Generated by org.testng.reporters.JUnitReportReporter -->
<testsuite hostname="LAPTOP-5NBSJVQB" name="org.test.Tng" tests="2" failures="0" timestamp="5 Oct 2021 12:50:55 GMT" time="0.043" errors="0">
  <testcase name="aftermethod" time="0.039" classname="org.test.Tng"/>
  <testcase name="test" time="0.004" classname="org.test.Tng"/>
</testsuite> <!-- org.test.Tng -->
