<?xml version="1.0" encoding="UTF-8"?>
<!-- Generated by org.testng.reporters.JUnitReportReporter -->
<testsuite hostname="LAPTOP-5NBSJVQB" name="org.test.Class1" tests="2" failures="0" timestamp="5 Oct 2021 13:03:50 GMT" time="0.020" errors="0">
  <testcase name="beforemethod" time="0.005" classname="org.test.Class1"/>
  <testcase name="aftermethod" time="0.015" classname="org.test.Class1"/>
</testsuite> <!-- org.test.Class1 -->
