<?xml version="1.0" encoding="UTF-8"?>
<!-- Generated by org.testng.reporters.JUnitReportReporter -->
<testsuite hostname="LAPTOP-5NBSJVQB" name="org.practice.TestNgDataProvider" tests="1" failures="0" timestamp="8 Oct 2021 16:20:09 GMT" time="37.553" errors="0">
  <testcase name="method" time="37.553" classname="org.practice.TestNgDataProvider"/>
</testsuite> <!-- org.practice.TestNgDataProvider -->
